<?xml version="1.0" encoding="UTF-8"?>
<!-- Generated by org.testng.reporters.JUnitReportReporter -->
<testsuite skipped="0" hostname="DESKTOP-BQS7GFT" name="APIGroup.ProjectAPI.TC_POSTGMAP" tests="3" failures="0" timestamp="2021-08-08T22:07:35 IST" time="6.336" errors="0">
  <testcase name="postmap" time="1.504" classname="APIGroup.ProjectAPI.TC_POSTGMAP"/>
  <system-out/>
  <testcase name="Getmapdetails" time="2.283" classname="APIGroup.ProjectAPI.TC_POSTGMAP"/>
  <system-out/>
  <testcase name="deleteMap" time="2.549" classname="APIGroup.ProjectAPI.TC_POSTGMAP"/>
  <system-out/>
</testsuite> <!-- APIGroup.ProjectAPI.TC_POSTGMAP -->
